<?xml version="1.0" encoding="UTF-8"?>
<!-- Generated by org.testng.reporters.JUnitReportReporter -->
<testsuite hostname="DESKTOP-JV8ECKN" failures="0" tests="1" name="Parallel.ParallelRun" time="909.971" errors="0" timestamp="10 Feb 2025 04:44:51 GMT" skipped="0">
  <testcase classname="Parallel.ParallelRun" name="runScenario" time="909.971"/>
</testsuite> <!-- Parallel.ParallelRun -->
